C:\USERS\Алексей\DESKTOP\GAUS\LAB\LAB\DEBUG\LAB.PCH
C:\USERS\Алексей\DESKTOP\GAUS\LAB\LAB\DEBUG\STDAFX.OBJ
C:\USERS\АЛЕКСЕЙ\DESKTOP\GAUS\LAB\LAB\DEBUG\VC110.PDB
C:\USERS\Алексей\DESKTOP\GAUS\LAB\LAB\DEBUG\LAB.OBJ
C:\USERS\Алексей\DESKTOP\GAUS\LAB\DEBUG\LAB.ILK
C:\USERS\Алексей\DESKTOP\GAUS\LAB\DEBUG\LAB.EXE
C:\USERS\АЛЕКСЕЙ\DESKTOP\GAUS\LAB\DEBUG\LAB.PDB
C:\Users\Алексей\Desktop\gaus\lab\lab\Debug\lab.obj
C:\Users\Алексей\Desktop\gaus\lab\lab\Debug\stdafx.obj
C:\Users\Алексей\Desktop\gaus\lab\lab\Debug\cl.command.1.tlog
C:\Users\Алексей\Desktop\gaus\lab\lab\Debug\CL.read.1.tlog
C:\Users\Алексей\Desktop\gaus\lab\lab\Debug\CL.write.1.tlog
C:\Users\Алексей\Desktop\gaus\lab\lab\Debug\link-cvtres.read.1.tlog
C:\Users\Алексей\Desktop\gaus\lab\lab\Debug\link-cvtres.write.1.tlog
C:\Users\Алексей\Desktop\gaus\lab\lab\Debug\link-rc.read.1.tlog
C:\Users\Алексей\Desktop\gaus\lab\lab\Debug\link-rc.write.1.tlog
C:\Users\Алексей\Desktop\gaus\lab\lab\Debug\link.command.1.tlog
C:\Users\Алексей\Desktop\gaus\lab\lab\Debug\link.read.1.tlog
C:\Users\Алексей\Desktop\gaus\lab\lab\Debug\link.write.1.tlog
C:\Users\Алексей\Desktop\gaus\lab\lab\Debug\lab.pch
C:\Users\Алексей\Desktop\gaus\lab\lab\Debug\vc110.idb
C:\Users\Алексей\Desktop\gaus\lab\lab\Debug\vc110.pdb
C:\Users\Алексей\Desktop\gaus\lab\Debug\lab.pdb
C:\Users\Алексей\Desktop\gaus\lab\Debug\lab.exe
C:\Users\Алексей\Desktop\gaus\lab\Debug\lab.ilk
